<?xml version="1.0" encoding="UTF-8"?>
<!-- Generated by org.testng.reporters.JUnitReportReporter -->
<testsuite hostname="DESKTOP-KCJU303" failures="0" tests="1" name="com.xyzbank.qa.testcases.TC002_LoginTest" time="8.474" errors="0" timestamp="2024-03-06T20:35:55 PST" skipped="0">
  <testcase classname="com.xyzbank.qa.testcases.TC002_LoginTest" name="verifyLogin" time="8.474"/>
</testsuite> <!-- com.xyzbank.qa.testcases.TC002_LoginTest -->
